

Started GET "/" for 160.39.211.53 at 2022-12-05 15:14:51 +0000


Started GET "/login" for 160.39.211.53 at 2022-12-05 15:14:51 +0000
Processing by SessionsController#new as HTML
  Rendered sessions/new.html.erb within layouts/application (21.0ms)
  Rendered layouts/_flash.erb (0.4ms)
Completed 200 OK in 188ms (Views: 187.9ms | ActiveRecord: 0.0ms)


Started GET "/assets/jquery.self-660adc51e0224b731d29f575a6f1ec167ba08ad06ed5deca4f1e8654c135bf4c.js?body=1" for 160.39.211.53 at 2022-12-05 15:14:51 +0000


Started GET "/assets/application.self-cf00c54d6688f563677ba7120cc08cc0707d1a71925cd8b1ea2b5a9bdef24f48.css?body=1" for 160.39.211.53 at 2022-12-05 15:14:51 +0000


Started GET "/users/new" for 160.39.211.53 at 2022-12-05 15:14:57 +0000
Processing by UsersController#new as HTML
  Rendered users/new.html.erb within layouts/application (3.0ms)
  Rendered layouts/_flash.erb (0.0ms)
Completed 200 OK in 58ms (Views: 35.1ms | ActiveRecord: 2.4ms)


Started POST "/users" for 160.39.211.53 at 2022-12-05 15:15:09 +0000
Processing by UsersController#create as HTML
  Parameters: {"utf8"=>"✓", "authenticity_token"=>"M2sO7azY4pur9gXqU88iRbdFUCuvemGRjWxhrJ6nTEbuiPBjkZmT58MdpjraJaRr4/fZT92jg9us76+y0CuVAg==", "user"=>{"email"=>"doggy@columbia.edu", "username"=>"ff", "password"=>"[FILTERED]"}, "commit"=>"Create Account"}
  [1m[36mUser Load (0.1ms)[0m  [1mSELECT  "users".* FROM "users" WHERE "users"."email" = ? LIMIT 1[0m  [["email", "doggy@columbia.edu"]]
  [1m[35mUser Load (0.1ms)[0m  SELECT  "users".* FROM "users" WHERE "users"."username" = ? LIMIT 1  [["username", "ff"]]
  [1m[36m (0.0ms)[0m  [1mbegin transaction[0m
  [1m[35mUser Exists (0.1ms)[0m  SELECT  1 AS one FROM "users" WHERE "users"."username" = 'ff' LIMIT 1
  [1m[36mUser Exists (0.0ms)[0m  [1mSELECT  1 AS one FROM "users" WHERE "users"."email" = 'doggy@columbia.edu' LIMIT 1[0m
  [1m[35mSQL (0.3ms)[0m  INSERT INTO "users" ("username", "password_digest", "email", "created_at", "updated_at") VALUES (?, ?, ?, ?, ?)  [["username", "ff"], ["password_digest", "$2a$12$YpHQVtx43CLcaF2EgiqHVurPTqrenO/0gPNhTvH7V4q53/BeAxNZ."], ["email", "doggy@columbia.edu"], ["created_at", "2022-12-05 15:15:09.720896"], ["updated_at", "2022-12-05 15:15:09.720896"]]
  [1m[36m (69.9ms)[0m  [1mcommit transaction[0m
Redirected to https://milanmirage-floodfast-3000.codio.io/login
Completed 302 Found in 311ms (ActiveRecord: 70.6ms)


Started GET "/login" for 160.39.211.53 at 2022-12-05 15:15:09 +0000
Processing by SessionsController#new as HTML
  Rendered sessions/new.html.erb within layouts/application (0.7ms)
  Rendered layouts/_flash.erb (0.0ms)
Completed 200 OK in 8ms (Views: 8.2ms | ActiveRecord: 0.0ms)


Started POST "/login" for 160.39.211.53 at 2022-12-05 15:15:17 +0000
Processing by SessionsController#create as HTML
  Parameters: {"utf8"=>"✓", "authenticity_token"=>"8Dx1P59+JsMtLrEd/R4brk2B9eO+/S1mPQlbtrIjhHQt34uxoj9Xv0XFEs109J2AGTN8h8wkzywcipWo/K9dMA==", "session"=>{"email"=>"doggy@columbia.edu", "password"=>"[FILTERED]"}, "commit"=>"Log in"}
  [1m[35mUser Load (0.1ms)[0m  SELECT  "users".* FROM "users" WHERE "users"."email" = ? LIMIT 1  [["email", "doggy@columbia.edu"]]
Redirected to https://milanmirage-floodfast-3000.codio.io/events
Completed 302 Found in 231ms (ActiveRecord: 0.1ms)


Started GET "/events" for 160.39.211.53 at 2022-12-05 15:15:17 +0000
Processing by EventsController#index as HTML
Redirected to https://milanmirage-floodfast-3000.codio.io/events?freebies%5BFOOD%5D=1&freebies%5BMERCH%5D=1&freebies%5BOTHER%5D=1&sort_by=id
Filter chain halted as :force_index_redirect rendered or redirected
Completed 302 Found in 1ms (ActiveRecord: 0.0ms)


Started GET "/events?freebies%5BFOOD%5D=1&freebies%5BMERCH%5D=1&freebies%5BOTHER%5D=1&sort_by=id" for 160.39.211.53 at 2022-12-05 15:15:17 +0000
Processing by EventsController#index as HTML
  Parameters: {"freebies"=>{"FOOD"=>"1", "MERCH"=>"1", "OTHER"=>"1"}, "sort_by"=>"id"}
  [1m[36mUser Load (0.1ms)[0m  [1mSELECT  "users".* FROM "users" WHERE "users"."id" = ? LIMIT 1[0m  [["id", 4]]
  [1m[35mEvent Load (0.2ms)[0m  SELECT "events".* FROM "events" WHERE "events"."freebie" IN ('FOOD', 'MERCH', 'OTHER')  ORDER BY id
  [1m[36m (0.1ms)[0m  [1mSELECT COUNT(*) FROM "likes" WHERE "likes"."event_id" = ?[0m  [["event_id", 1]]
  [1m[35m (0.0ms)[0m  SELECT COUNT(*) FROM "likes" WHERE "likes"."event_id" = ?  [["event_id", 2]]
  [1m[36m (0.1ms)[0m  [1mSELECT COUNT(*) FROM "likes" WHERE "likes"."event_id" = ?[0m  [["event_id", 3]]
  Rendered events/index.html.erb within layouts/application (16.7ms)
  Rendered layouts/_flash.erb (0.0ms)
Completed 200 OK in 28ms (Views: 24.8ms | ActiveRecord: 0.8ms)


Started GET "/events" for 160.39.211.53 at 2022-12-05 15:15:21 +0000
Processing by EventsController#index as HTML
Redirected to https://milanmirage-floodfast-3000.codio.io/events?freebies%5BFOOD%5D=1&freebies%5BMERCH%5D=1&freebies%5BOTHER%5D=1&sort_by=id
Filter chain halted as :force_index_redirect rendered or redirected
Completed 302 Found in 1ms (ActiveRecord: 0.0ms)


Started GET "/events?freebies%5BFOOD%5D=1&freebies%5BMERCH%5D=1&freebies%5BOTHER%5D=1&sort_by=id" for 160.39.211.53 at 2022-12-05 15:15:21 +0000
Processing by EventsController#index as HTML
  Parameters: {"freebies"=>{"FOOD"=>"1", "MERCH"=>"1", "OTHER"=>"1"}, "sort_by"=>"id"}
  [1m[35mUser Load (0.1ms)[0m  SELECT  "users".* FROM "users" WHERE "users"."id" = ? LIMIT 1  [["id", 4]]
  [1m[36mEvent Load (0.2ms)[0m  [1mSELECT "events".* FROM "events" WHERE "events"."freebie" IN ('FOOD', 'MERCH', 'OTHER')  ORDER BY id[0m
  [1m[35m (0.0ms)[0m  SELECT COUNT(*) FROM "likes" WHERE "likes"."event_id" = ?  [["event_id", 1]]
  [1m[36m (0.0ms)[0m  [1mSELECT COUNT(*) FROM "likes" WHERE "likes"."event_id" = ?[0m  [["event_id", 2]]
  [1m[35m (0.0ms)[0m  SELECT COUNT(*) FROM "likes" WHERE "likes"."event_id" = ?  [["event_id", 3]]
  Rendered events/index.html.erb within layouts/application (2.8ms)
  Rendered layouts/_flash.erb (0.0ms)
Completed 200 OK in 10ms (Views: 9.3ms | ActiveRecord: 0.4ms)


Started GET "/" for 160.39.211.53 at 2022-12-05 15:19:43 +0000


Started GET "/login" for 160.39.211.53 at 2022-12-05 15:19:43 +0000
Processing by SessionsController#new as HTML
  Rendered sessions/new.html.erb within layouts/application (13.4ms)
  Rendered layouts/_flash.erb (0.3ms)
Completed 200 OK in 175ms (Views: 175.2ms | ActiveRecord: 0.0ms)


Started GET "/assets/application.self-bcb0922d0c95cdfeef27f719ab1d7389af1b1a25710ff2d5cae2b17b39c4378f.css?body=1" for 160.39.211.53 at 2022-12-05 15:19:44 +0000


Started GET "/login" for 160.39.211.53 at 2022-12-05 15:20:00 +0000
Processing by SessionsController#new as HTML
  Rendered sessions/new.html.erb within layouts/application (0.8ms)
  Rendered layouts/_flash.erb (0.0ms)
Completed 200 OK in 11ms (Views: 10.5ms | ActiveRecord: 0.0ms)


Started GET "/assets/application.self-beed6339d5d26a119c05ad73c7b5440d6e7659b1c6e81be7820ab03bb0e6a79f.css?body=1" for 160.39.211.53 at 2022-12-05 15:20:01 +0000


Started GET "/" for 160.39.211.53 at 2022-12-05 15:22:21 +0000


Started GET "/login" for 160.39.211.53 at 2022-12-05 15:22:21 +0000
Processing by SessionsController#new as HTML
  Rendered sessions/new.html.erb within layouts/application (14.5ms)
  Rendered layouts/_flash.erb (0.3ms)
Completed 200 OK in 295ms (Views: 295.1ms | ActiveRecord: 0.0ms)


Started GET "/users/new" for 160.39.211.53 at 2022-12-05 15:22:29 +0000
Processing by UsersController#new as HTML
  Rendered users/new.html.erb within layouts/application (4.2ms)
  Rendered layouts/_flash.erb (0.0ms)
Completed 200 OK in 41ms (Views: 16.1ms | ActiveRecord: 1.6ms)


Started POST "/users" for 160.39.211.53 at 2022-12-05 15:22:49 +0000
Processing by UsersController#create as HTML
  Parameters: {"utf8"=>"✓", "authenticity_token"=>"kJY5ot9ZzYsZ1EIERIhaDgB//iHaEuvX97PSzYnOikhNdccs4hi893E/4dTNYtwgVM13RajLCZ3WMBzTx0JTDA==", "user"=>{"email"=>"rsl2155@columbia.edu", "username"=>"ruth", "password"=>"[FILTERED]"}, "commit"=>"Create Account"}
  [1m[36mUser Load (0.2ms)[0m  [1mSELECT  "users".* FROM "users" WHERE "users"."email" = ? LIMIT 1[0m  [["email", "rsl2155@columbia.edu"]]
  [1m[35mUser Load (0.1ms)[0m  SELECT  "users".* FROM "users" WHERE "users"."username" = ? LIMIT 1  [["username", "ruth"]]
  [1m[36m (0.0ms)[0m  [1mbegin transaction[0m
  [1m[35mUser Exists (0.1ms)[0m  SELECT  1 AS one FROM "users" WHERE "users"."username" = 'ruth' LIMIT 1
  [1m[36mUser Exists (0.0ms)[0m  [1mSELECT  1 AS one FROM "users" WHERE "users"."email" = 'rsl2155@columbia.edu' LIMIT 1[0m
  [1m[35mSQL (0.2ms)[0m  INSERT INTO "users" ("username", "password_digest", "email", "created_at", "updated_at") VALUES (?, ?, ?, ?, ?)  [["username", "ruth"], ["password_digest", "$2a$12$17ChC2rSnMQLIP8r0YaweObXeXWBgNp/E/C9qS1QZ9yoQNsKKSuo6"], ["email", "rsl2155@columbia.edu"], ["created_at", "2022-12-05 15:22:49.271437"], ["updated_at", "2022-12-05 15:22:49.271437"]]
  [1m[36m (63.7ms)[0m  [1mcommit transaction[0m
Redirected to https://milanmirage-floodfast-3000.codio.io/login
Completed 302 Found in 309ms (ActiveRecord: 64.4ms)


Started GET "/login" for 160.39.211.53 at 2022-12-05 15:22:49 +0000
Processing by SessionsController#new as HTML
  Rendered sessions/new.html.erb within layouts/application (1.0ms)
  Rendered layouts/_flash.erb (0.0ms)
Completed 200 OK in 9ms (Views: 8.9ms | ActiveRecord: 0.0ms)


Started POST "/login" for 160.39.211.53 at 2022-12-05 15:23:00 +0000
Processing by SessionsController#create as HTML
  Parameters: {"utf8"=>"✓", "authenticity_token"=>"cEvgqcQIAQPu/VloLBWJtz6nIGHcvodBziUbqWTqnUKtqB4n+Ulwf4YW+ril/w+ZahWpBa5nZQvvptW3KmZEBg==", "session"=>{"email"=>"rsl2155@columbia.edu", "password"=>"[FILTERED]"}, "commit"=>"Log in"}
  [1m[35mUser Load (0.1ms)[0m  SELECT  "users".* FROM "users" WHERE "users"."email" = ? LIMIT 1  [["email", "rsl2155@columbia.edu"]]
Redirected to https://milanmirage-floodfast-3000.codio.io/events
Completed 302 Found in 236ms (ActiveRecord: 0.1ms)


Started GET "/events" for 160.39.211.53 at 2022-12-05 15:23:01 +0000
Processing by EventsController#index as HTML
Redirected to https://milanmirage-floodfast-3000.codio.io/events?freebies%5BFOOD%5D=1&freebies%5BMERCH%5D=1&freebies%5BOTHER%5D=1&sort_by=id
Filter chain halted as :force_index_redirect rendered or redirected
Completed 302 Found in 1ms (ActiveRecord: 0.0ms)


Started GET "/events?freebies%5BFOOD%5D=1&freebies%5BMERCH%5D=1&freebies%5BOTHER%5D=1&sort_by=id" for 160.39.211.53 at 2022-12-05 15:23:01 +0000
Processing by EventsController#index as HTML
  Parameters: {"freebies"=>{"FOOD"=>"1", "MERCH"=>"1", "OTHER"=>"1"}, "sort_by"=>"id"}
  [1m[36mUser Load (0.1ms)[0m  [1mSELECT  "users".* FROM "users" WHERE "users"."id" = ? LIMIT 1[0m  [["id", 5]]
  [1m[35mEvent Load (0.2ms)[0m  SELECT "events".* FROM "events" WHERE "events"."freebie" IN ('FOOD', 'MERCH', 'OTHER')  ORDER BY id
  [1m[36m (0.1ms)[0m  [1mSELECT COUNT(*) FROM "likes" WHERE "likes"."event_id" = ?[0m  [["event_id", 1]]
  [1m[35m (0.0ms)[0m  SELECT COUNT(*) FROM "likes" WHERE "likes"."event_id" = ?  [["event_id", 2]]
  [1m[36m (0.0ms)[0m  [1mSELECT COUNT(*) FROM "likes" WHERE "likes"."event_id" = ?[0m  [["event_id", 3]]
  Rendered events/index.html.erb within layouts/application (16.0ms)
  Rendered layouts/_flash.erb (0.0ms)
Completed 200 OK in 27ms (Views: 24.1ms | ActiveRecord: 0.7ms)
  [1m[36m (63.8ms)[0m  [1mCREATE TABLE "events" ("id" INTEGER PRIMARY KEY AUTOINCREMENT NOT NULL, "title" varchar, "freebie" varchar, "description" text, "event_date" date, "event_time" varchar, "affiliation" text, "image" text, "owner" varchar) [0m
  [1m[35m (63.3ms)[0m  CREATE TABLE "likes" ("id" INTEGER PRIMARY KEY AUTOINCREMENT NOT NULL, "event_id" integer, "user_id" integer, "created_at" datetime NOT NULL, "updated_at" datetime NOT NULL) 
  [1m[36m (0.0ms)[0m  [1mselect sqlite_version(*)[0m
  [1m[35m (56.7ms)[0m  CREATE  INDEX "index_likes_on_event_id" ON "likes" ("event_id")
  [1m[36m (0.1ms)[0m  [1m            SELECT sql
            FROM sqlite_master
            WHERE name='index_likes_on_event_id' AND type='index'
            UNION ALL
            SELECT sql
            FROM sqlite_temp_master
            WHERE name='index_likes_on_event_id' AND type='index'
[0m
  [1m[35m (58.2ms)[0m  CREATE  INDEX "index_likes_on_user_id" ON "likes" ("user_id")
  [1m[36m (51.6ms)[0m  [1mCREATE TABLE "users" ("id" INTEGER PRIMARY KEY AUTOINCREMENT NOT NULL, "username" varchar, "password_digest" varchar, "email" varchar, "created_at" datetime NOT NULL, "updated_at" datetime NOT NULL) [0m
  [1m[35m (52.8ms)[0m  CREATE TABLE "schema_migrations" ("version" varchar NOT NULL) 
  [1m[36m (65.2ms)[0m  [1mCREATE UNIQUE INDEX "unique_schema_migrations" ON "schema_migrations" ("version")[0m
  [1m[35m (0.1ms)[0m  SELECT version FROM "schema_migrations"
  [1m[36m (55.2ms)[0m  [1mINSERT INTO "schema_migrations" (version) VALUES ('20221203204716')[0m
  [1m[35m (64.0ms)[0m  INSERT INTO "schema_migrations" (version) VALUES ('20221030220816')
  [1m[36m (56.3ms)[0m  [1mINSERT INTO "schema_migrations" (version) VALUES ('20221114192305')[0m
  [1m[35m (53.0ms)[0m  INSERT INTO "schema_migrations" (version) VALUES ('20221116063947')
  [1m[36m (55.2ms)[0m  [1mCREATE TABLE "events" ("id" INTEGER PRIMARY KEY AUTOINCREMENT NOT NULL, "title" varchar, "freebie" varchar, "description" text, "event_date" date, "event_time" varchar, "affiliation" text, "image" text, "owner" varchar) [0m
  [1m[35m (57.3ms)[0m  CREATE TABLE "likes" ("id" INTEGER PRIMARY KEY AUTOINCREMENT NOT NULL, "event_id" integer, "user_id" integer, "created_at" datetime NOT NULL, "updated_at" datetime NOT NULL) 
  [1m[36m (0.0ms)[0m  [1mselect sqlite_version(*)[0m
  [1m[35m (54.4ms)[0m  CREATE  INDEX "index_likes_on_event_id" ON "likes" ("event_id")
  [1m[36m (0.2ms)[0m  [1m            SELECT sql
            FROM sqlite_master
            WHERE name='index_likes_on_event_id' AND type='index'
            UNION ALL
            SELECT sql
            FROM sqlite_temp_master
            WHERE name='index_likes_on_event_id' AND type='index'
[0m
  [1m[35m (54.2ms)[0m  CREATE  INDEX "index_likes_on_user_id" ON "likes" ("user_id")
  [1m[36m (57.1ms)[0m  [1mCREATE TABLE "users" ("id" INTEGER PRIMARY KEY AUTOINCREMENT NOT NULL, "username" varchar, "password_digest" varchar, "email" varchar, "created_at" datetime NOT NULL, "updated_at" datetime NOT NULL) [0m
  [1m[35m (52.4ms)[0m  CREATE TABLE "schema_migrations" ("version" varchar NOT NULL) 
  [1m[36m (57.6ms)[0m  [1mCREATE UNIQUE INDEX "unique_schema_migrations" ON "schema_migrations" ("version")[0m
  [1m[35m (0.1ms)[0m  SELECT version FROM "schema_migrations"
  [1m[36m (64.3ms)[0m  [1mINSERT INTO "schema_migrations" (version) VALUES ('20221203204716')[0m
  [1m[35m (59.7ms)[0m  INSERT INTO "schema_migrations" (version) VALUES ('20221030220816')
  [1m[36m (61.6ms)[0m  [1mINSERT INTO "schema_migrations" (version) VALUES ('20221114192305')[0m
  [1m[35m (58.9ms)[0m  INSERT INTO "schema_migrations" (version) VALUES ('20221116063947')
  [1m[36mActiveRecord::SchemaMigration Load (0.1ms)[0m  [1mSELECT "schema_migrations".* FROM "schema_migrations"[0m
  [1m[35m (0.0ms)[0m  begin transaction
  [1m[36mSQL (0.2ms)[0m  [1mINSERT INTO "events" ("owner", "title", "freebie", "event_date", "event_time", "affiliation", "image") VALUES (?, ?, ?, ?, ?, ?, ?)[0m  [["owner", "rchung"], ["title", "Waterbottles on Lerner Ramps"], ["freebie", "MERCH"], ["event_date", "2020-10-20"], ["event_time", "6:00-7:00PM"], ["affiliation", "CCSC"], ["image", "https://lh4.googleusercontent.com/-tVQehw282ah4VX9vUQ-hMi7t1fa9W8Sg08-v5lZP9vvyH6hJVy6ovIOQ91VAfCZA6M=w2400"]]
  [1m[35m (70.0ms)[0m  commit transaction
  [1m[36m (0.0ms)[0m  [1mbegin transaction[0m
  [1m[35mSQL (0.2ms)[0m  INSERT INTO "events" ("owner", "title", "freebie", "event_date", "event_time", "affiliation", "image") VALUES (?, ?, ?, ?, ?, ?, ?)  [["owner", "rchung"], ["title", "Mochi Mingle"], ["freebie", "FOOD"], ["event_date", "2022-11-20"], ["event_time", "4:00-5:00PM"], ["affiliation", "TASA"], ["image", "https://lh5.googleusercontent.com/C75sNxWCzMEl-FIVYfD0O7KK1QfT9GhhVY4wlljW99UBY7qqS26GxAtjqJ2vQKFPLOU=w2400"]]
  [1m[36m (61.6ms)[0m  [1mcommit transaction[0m
  [1m[35m (0.0ms)[0m  begin transaction
  [1m[36mSQL (0.2ms)[0m  [1mINSERT INTO "events" ("owner", "title", "freebie", "event_date", "event_time", "affiliation", "image") VALUES (?, ?, ?, ?, ?, ?, ?)[0m  [["owner", "ruthl"], ["title", "Pojangmacha"], ["freebie", "FOOD"], ["event_date", "2022-11-03"], ["event_time", "5:30-8:30PM"], ["affiliation", "KSA"], ["image", "https://lh4.googleusercontent.com/E_lzmeTuTaeKiHipPjfI4w3QtWd-FNe9nj6XgI1r16NUTOKyrTvJcCj09Vl_w2C4IW4=w2400"]]
  [1m[35m (57.1ms)[0m  commit transaction
  [1m[36m (0.1ms)[0m  [1mbegin transaction[0m
  [1m[35mUser Exists (0.1ms)[0m  SELECT  1 AS one FROM "users" WHERE "users"."username" = 'testing' LIMIT 1
  [1m[36mUser Exists (0.0ms)[0m  [1mSELECT  1 AS one FROM "users" WHERE "users"."email" = 'testing@columbia.edu' LIMIT 1[0m
  [1m[35mSQL (0.2ms)[0m  INSERT INTO "users" ("username", "password_digest", "email", "created_at", "updated_at") VALUES (?, ?, ?, ?, ?)  [["username", "testing"], ["password_digest", "$2a$12$WGj7nCNqG1J.2BdyNOm3o.zMeYiPQqDeNn.dJELafUO9b9732pJui"], ["email", "testing@columbia.edu"], ["created_at", "2022-12-05 16:54:47.405369"], ["updated_at", "2022-12-05 16:54:47.405369"]]
  [1m[36m (61.1ms)[0m  [1mcommit transaction[0m
  [1m[35m (0.1ms)[0m  begin transaction
  [1m[36mUser Exists (0.1ms)[0m  [1mSELECT  1 AS one FROM "users" WHERE "users"."username" = 'rchung' LIMIT 1[0m
  [1m[35mUser Exists (0.0ms)[0m  SELECT  1 AS one FROM "users" WHERE "users"."email" = 'rchung@columbia.edu' LIMIT 1
  [1m[36mSQL (0.2ms)[0m  [1mINSERT INTO "users" ("username", "password_digest", "email", "created_at", "updated_at") VALUES (?, ?, ?, ?, ?)[0m  [["username", "rchung"], ["password_digest", "$2a$12$7QHp/Aq3oQqgM3zOK6gaFOpzgvQDPFcz862Q31FvWLZiAfbusykH."], ["email", "rchung@columbia.edu"], ["created_at", "2022-12-05 16:54:47.700173"], ["updated_at", "2022-12-05 16:54:47.700173"]]
  [1m[35m (70.5ms)[0m  commit transaction
  [1m[36m (0.1ms)[0m  [1mbegin transaction[0m
  [1m[35mUser Exists (0.1ms)[0m  SELECT  1 AS one FROM "users" WHERE "users"."username" = 'ruthl' LIMIT 1
  [1m[36mUser Exists (0.1ms)[0m  [1mSELECT  1 AS one FROM "users" WHERE "users"."email" = 'ruthl@columbia.edu' LIMIT 1[0m
  [1m[35mSQL (0.2ms)[0m  INSERT INTO "users" ("username", "password_digest", "email", "created_at", "updated_at") VALUES (?, ?, ?, ?, ?)  [["username", "ruthl"], ["password_digest", "$2a$12$ug5EoiBEOK1kxxAh7iwvEe2NwJFtSskXl3Rgk16a10QLiit6vDIOW"], ["email", "ruthl@columbia.edu"], ["created_at", "2022-12-05 16:54:48.002505"], ["updated_at", "2022-12-05 16:54:48.002505"]]
  [1m[36m (62.4ms)[0m  [1mcommit transaction[0m
  [1m[35mUser Load (0.1ms)[0m  SELECT  "users".* FROM "users"  ORDER BY "users"."id" ASC LIMIT 1
  [1m[36mEvent Load (0.1ms)[0m  [1mSELECT  "events".* FROM "events"  ORDER BY "events"."id" ASC LIMIT 1[0m
  [1m[35m (0.0ms)[0m  begin transaction
  [1m[36mSQL (0.3ms)[0m  [1mINSERT INTO "likes" ("user_id", "event_id", "created_at", "updated_at") VALUES (?, ?, ?, ?)[0m  [["user_id", 1], ["event_id", 1], ["created_at", "2022-12-05 16:54:48.074894"], ["updated_at", "2022-12-05 16:54:48.074894"]]
  [1m[35m (57.5ms)[0m  commit transaction
  [1m[36mUser Load (0.1ms)[0m  [1mSELECT  "users".* FROM "users"  ORDER BY "users"."id" ASC LIMIT 1[0m
  [1m[35mEvent Load (0.1ms)[0m  SELECT  "events".* FROM "events"  ORDER BY "events"."id" DESC LIMIT 1
  [1m[36m (0.0ms)[0m  [1mbegin transaction[0m
  [1m[35mSQL (0.2ms)[0m  INSERT INTO "likes" ("user_id", "event_id", "created_at", "updated_at") VALUES (?, ?, ?, ?)  [["user_id", 1], ["event_id", 3], ["created_at", "2022-12-05 16:54:48.134708"], ["updated_at", "2022-12-05 16:54:48.134708"]]
  [1m[36m (64.9ms)[0m  [1mcommit transaction[0m
  [1m[35mUser Load (0.1ms)[0m  SELECT  "users".* FROM "users"  ORDER BY "users"."id" DESC LIMIT 1
  [1m[36mEvent Load (0.1ms)[0m  [1mSELECT  "events".* FROM "events"  ORDER BY "events"."id" DESC LIMIT 1[0m
  [1m[35m (0.0ms)[0m  begin transaction
  [1m[36mSQL (0.2ms)[0m  [1mINSERT INTO "likes" ("user_id", "event_id", "created_at", "updated_at") VALUES (?, ?, ?, ?)[0m  [["user_id", 3], ["event_id", 3], ["created_at", "2022-12-05 16:54:48.201470"], ["updated_at", "2022-12-05 16:54:48.201470"]]
  [1m[35m (58.9ms)[0m  commit transaction
